# JRE version: Java(TM) SE Runtime Environment (7.0_67-b01) (build 1.7.0_67-b01)
# Java VM: Java HotSpot(TM) 64-Bit Server VM (24.65-b04 mixed mode bsd-amd64 compressed oops)
Heap
 PSYoungGen      total 289792K, used 150195K [0x00000007aaa80000, 0x00000007cef80000, 0x0000000800000000)
  eden space 249856K, 44% used [0x00000007aaa80000,0x00000007b16cf620,0x00000007b9e80000)
  from space 39936K, 98% used [0x00000007b9e80000,0x00000007bc4dd7b8,0x00000007bc580000)
  to   space 47616K, 0% used [0x00000007cc100000,0x00000007cc100000,0x00000007cef80000)
 ParOldGen       total 174592K, used 40660K [0x0000000700000000, 0x000000070aa80000, 0x00000007aaa80000)
  object space 174592K, 23% used [0x0000000700000000,0x00000007027b50a0,0x000000070aa80000)
 PSPermGen       total 21504K, used 20364K [0x00000006fae00000, 0x00000006fc300000, 0x0000000700000000)
  object space 21504K, 94% used [0x00000006fae00000,0x00000006fc1e3390,0x00000006fc300000)
GC Heap History (10 events):
Event: 2.001 GC heap before
{Heap before GC invocations=3 (full 0):
 PSYoungGen      total 76800K, used 73480K [0x00000007aaa80000, 0x00000007b0000000, 0x0000000800000000)
  eden space 66048K, 100% used [0x00000007aaa80000,0x00000007aeb00000,0x00000007aeb00000)
  from space 10752K, 69% used [0x00000007af580000,0x00000007afcc23b0,0x00000007b0000000)
  to   space 10752K, 0% used [0x00000007aeb00000,0x00000007aeb00000,0x00000007af580000)
 ParOldGen       total 174592K, used 16K [0x0000000700000000, 0x000000070aa80000, 0x00000007aaa80000)
  object space 174592K, 0% used [0x0000000700000000,0x0000000700004000,0x000000070aa80000)
 PSPermGen       total 21504K, used 12720K [0x00000006fae00000, 0x00000006fc300000, 0x0000000700000000)
  object space 21504K, 59% used [0x00000006fae00000,0x00000006fba6c268,0x00000006fc300000)
Event: 2.006 GC heap after
Heap after GC invocations=3 (full 0):
 PSYoungGen      total 76800K, used 9344K [0x00000007aaa80000, 0x00000007b4080000, 0x0000000800000000)
  eden space 66048K, 0% used [0x00000007aaa80000,0x00000007aaa80000,0x00000007aeb00000)
  from space 10752K, 86% used [0x00000007aeb00000,0x00000007af420020,0x00000007af580000)
  to   space 10752K, 0% used [0x00000007b3600000,0x00000007b3600000,0x00000007b4080000)
 ParOldGen       total 174592K, used 24K [0x0000000700000000, 0x000000070aa80000, 0x00000007aaa80000)
  object space 174592K, 0% used [0x0000000700000000,0x0000000700006000,0x000000070aa80000)
 PSPermGen       total 21504K, used 12720K [0x00000006fae00000, 0x00000006fc300000, 0x0000000700000000)
  object space 21504K, 59% used [0x00000006fae00000,0x00000006fba6c268,0x00000006fc300000)
}
Event: 2.296 GC heap before
{Heap before GC invocations=4 (full 0):
 PSYoungGen      total 76800K, used 75392K [0x00000007aaa80000, 0x00000007b4080000, 0x0000000800000000)
  eden space 66048K, 100% used [0x00000007aaa80000,0x00000007aeb00000,0x00000007aeb00000)
  from space 10752K, 86% used [0x00000007aeb00000,0x00000007af420020,0x00000007af580000)
  to   space 10752K, 0% used [0x00000007b3600000,0x00000007b3600000,0x00000007b4080000)
 ParOldGen       total 174592K, used 24K [0x0000000700000000, 0x000000070aa80000, 0x00000007aaa80000)
  object space 174592K, 0% used [0x0000000700000000,0x0000000700006000,0x000000070aa80000)
 PSPermGen       total 21504K, used 12758K [0x00000006fae00000, 0x00000006fc300000, 0x0000000700000000)
  object space 21504K, 59% used [0x00000006fae00000,0x00000006fba75af0,0x00000006fc300000)
Event: 2.304 GC heap after
Heap after GC invocations=4 (full 0):
 PSYoungGen      total 142848K, used 10720K [0x00000007aaa80000, 0x00000007b4080000, 0x0000000800000000)
  eden space 132096K, 0% used [0x00000007aaa80000,0x00000007aaa80000,0x00000007b2b80000)
  from space 10752K, 99% used [0x00000007b3600000,0x00000007b4078020,0x00000007b4080000)
  to   space 10752K, 0% used [0x00000007b2b80000,0x00000007b2b80000,0x00000007b3600000)
 ParOldGen       total 174592K, used 1480K [0x0000000700000000, 0x000000070aa80000, 0x00000007aaa80000)
  object space 174592K, 0% used [0x0000000700000000,0x0000000700172010,0x000000070aa80000)
 PSPermGen       total 21504K, used 12758K [0x00000006fae00000, 0x00000006fc300000, 0x0000000700000000)
  object space 21504K, 59% used [0x00000006fae00000,0x00000006fba75af0,0x00000006fc300000)
}
Event: 3.418 GC heap before
{Heap before GC invocations=5 (full 0):
 PSYoungGen      total 142848K, used 142816K [0x00000007aaa80000, 0x00000007b4080000, 0x0000000800000000)
  eden space 132096K, 100% used [0x00000007aaa80000,0x00000007b2b80000,0x00000007b2b80000)
  from space 10752K, 99% used [0x00000007b3600000,0x00000007b4078020,0x00000007b4080000)
  to   space 10752K, 0% used [0x00000007b2b80000,0x00000007b2b80000,0x00000007b3600000)
 ParOldGen       total 174592K, used 1480K [0x0000000700000000, 0x000000070aa80000, 0x00000007aaa80000)
  object space 174592K, 0% used [0x0000000700000000,0x0000000700172010,0x000000070aa80000)
 PSPermGen       total 21504K, used 16891K [0x00000006fae00000, 0x00000006fc300000, 0x0000000700000000)
  object space 21504K, 78% used [0x00000006fae00000,0x00000006fbe7ed60,0x00000006fc300000)
Event: 3.436 GC heap after
Heap after GC invocations=5 (full 0):
 PSYoungGen      total 142848K, used 10731K [0x00000007aaa80000, 0x00000007bde80000, 0x0000000800000000)
  eden space 132096K, 0% used [0x00000007aaa80000,0x00000007aaa80000,0x00000007b2b80000)
  from space 10752K, 99% used [0x00000007b2b80000,0x00000007b35fac90,0x00000007b3600000)
  to   space 25600K, 0% used [0x00000007bc580000,0x00000007bc580000,0x00000007bde80000)
 ParOldGen       total 174592K, used 19784K [0x0000000700000000, 0x000000070aa80000, 0x00000007aaa80000)
  object space 174592K, 11% used [0x0000000700000000,0x0000000701352378,0x000000070aa80000)
 PSPermGen       total 21504K, used 16891K [0x00000006fae00000, 0x00000006fc300000, 0x0000000700000000)
  object space 21504K, 78% used [0x00000006fae00000,0x00000006fbe7ed60,0x00000006fc300000)
}
Event: 3.706 GC heap before
{Heap before GC invocations=6 (full 0):
 PSYoungGen      total 142848K, used 142827K [0x00000007aaa80000, 0x00000007bde80000, 0x0000000800000000)
  eden space 132096K, 100% used [0x00000007aaa80000,0x00000007b2b80000,0x00000007b2b80000)
  from space 10752K, 99% used [0x00000007b2b80000,0x00000007b35fac90,0x00000007b3600000)
  to   space 25600K, 0% used [0x00000007bc580000,0x00000007bc580000,0x00000007bde80000)
 ParOldGen       total 174592K, used 19784K [0x0000000700000000, 0x000000070aa80000, 0x00000007aaa80000)
  object space 174592K, 11% used [0x0000000700000000,0x0000000701352378,0x000000070aa80000)
 PSPermGen       total 21504K, used 17005K [0x00000006fae00000, 0x00000006fc300000, 0x0000000700000000)
  object space 21504K, 79% used [0x00000006fae00000,0x00000006fbe9b7c8,0x00000006fc300000)
Event: 3.729 GC heap after
Heap after GC invocations=6 (full 0):
 PSYoungGen      total 275456K, used 25583K [0x00000007aaa80000, 0x00000007bfa80000, 0x0000000800000000)
  eden space 249856K, 0% used [0x00000007aaa80000,0x00000007aaa80000,0x00000007b9e80000)
  from space 25600K, 99% used [0x00000007bc580000,0x00000007bde7bc20,0x00000007bde80000)
  to   space 39936K, 0% used [0x00000007b9e80000,0x00000007b9e80000,0x00000007bc580000)
 ParOldGen       total 174592K, used 36266K [0x0000000700000000, 0x000000070aa80000, 0x00000007aaa80000)
  object space 174592K, 20% used [0x0000000700000000,0x000000070236a840,0x000000070aa80000)
 PSPermGen       total 21504K, used 17005K [0x00000006fae00000, 0x00000006fc300000, 0x0000000700000000)
  object space 21504K, 79% used [0x00000006fae00000,0x00000006fbe9b7c8,0x00000006fc300000)
}
Event: 6.079 GC heap before
{Heap before GC invocations=7 (full 0):
 PSYoungGen      total 275456K, used 275439K [0x00000007aaa80000, 0x00000007bfa80000, 0x0000000800000000)
  eden space 249856K, 100% used [0x00000007aaa80000,0x00000007b9e80000,0x00000007b9e80000)
  from space 25600K, 99% used [0x00000007bc580000,0x00000007bde7bc20,0x00000007bde80000)
  to   space 39936K, 0% used [0x00000007b9e80000,0x00000007b9e80000,0x00000007bc580000)
 ParOldGen       total 174592K, used 36266K [0x0000000700000000, 0x000000070aa80000, 0x00000007aaa80000)
  object space 174592K, 20% used [0x0000000700000000,0x000000070236a840,0x000000070aa80000)
 PSPermGen       total 21504K, used 20323K [0x00000006fae00000, 0x00000006fc300000, 0x0000000700000000)
  object space 21504K, 94% used [0x00000006fae00000,0x00000006fc1d8db0,0x00000006fc300000)
Event: 6.107 GC heap after
Heap after GC invocations=7 (full 0):
 PSYoungGen      total 289792K, used 39285K [0x00000007aaa80000, 0x00000007cef80000, 0x0000000800000000)
  eden space 249856K, 0% used [0x00000007aaa80000,0x00000007aaa80000,0x00000007b9e80000)
  from space 39936K, 98% used [0x00000007b9e80000,0x00000007bc4dd7b8,0x00000007bc580000)
  to   space 47616K, 0% used [0x00000007cc100000,0x00000007cc100000,0x00000007cef80000)
 ParOldGen       total 174592K, used 40660K [0x0000000700000000, 0x000000070aa80000, 0x00000007aaa80000)
  object space 174592K, 23% used [0x0000000700000000,0x00000007027b50a0,0x000000070aa80000)
 PSPermGen       total 21504K, used 20323K [0x00000006fae00000, 0x00000006fc300000, 0x0000000700000000)
  object space 21504K, 94% used [0x00000006fae00000,0x00000006fc1d8db0,0x00000006fc300000)
}

