# JRE version: Java(TM) SE Runtime Environment (7.0_67-b01) (build 1.7.0_67-b01)
# Java VM: Java HotSpot(TM) 64-Bit Server VM (24.65-b04 mixed mode bsd-amd64 compressed oops)
Heap
 PSYoungGen      total 295936K, used 272264K [0x00000007aaa80000, 0x00000007d0b80000, 0x0000000800000000)
  eden space 253440K, 90% used [0x00000007aaa80000,0x00000007b8ae7cc0,0x00000007ba200000)
  from space 42496K, 99% used [0x00000007ba200000,0x00000007bcb7a340,0x00000007bcb80000)
  to   space 58368K, 0% used [0x00000007cd280000,0x00000007cd280000,0x00000007d0b80000)
 ParOldGen       total 174592K, used 51497K [0x0000000700000000, 0x000000070aa80000, 0x00000007aaa80000)
  object space 174592K, 29% used [0x0000000700000000,0x000000070324a6c0,0x000000070aa80000)
 PSPermGen       total 21504K, used 20358K [0x00000006fae00000, 0x00000006fc300000, 0x0000000700000000)
  object space 21504K, 94% used [0x00000006fae00000,0x00000006fc1e1908,0x00000006fc300000)
GC Heap History (10 events):
Event: 2.415 GC heap before
{Heap before GC invocations=3 (full 0):
 PSYoungGen      total 73728K, used 73562K [0x00000007aaa80000, 0x00000007b3d80000, 0x0000000800000000)
  eden space 66048K, 100% used [0x00000007aaa80000,0x00000007aeb00000,0x00000007aeb00000)
  from space 7680K, 97% used [0x00000007b3600000,0x00000007b3d568a0,0x00000007b3d80000)
  to   space 10752K, 0% used [0x00000007b2880000,0x00000007b2880000,0x00000007b3300000)
 ParOldGen       total 174592K, used 16K [0x0000000700000000, 0x000000070aa80000, 0x00000007aaa80000)
  object space 174592K, 0% used [0x0000000700000000,0x0000000700004000,0x000000070aa80000)
 PSPermGen       total 21504K, used 12719K [0x00000006fae00000, 0x00000006fc300000, 0x0000000700000000)
  object space 21504K, 59% used [0x00000006fae00000,0x00000006fba6be40,0x00000006fc300000)
Event: 2.424 GC heap after
Heap after GC invocations=3 (full 0):
 PSYoungGen      total 139776K, used 9424K [0x00000007aaa80000, 0x00000007b4080000, 0x0000000800000000)
  eden space 129024K, 0% used [0x00000007aaa80000,0x00000007aaa80000,0x00000007b2880000)
  from space 10752K, 87% used [0x00000007b2880000,0x00000007b31b4010,0x00000007b3300000)
  to   space 10752K, 0% used [0x00000007b3600000,0x00000007b3600000,0x00000007b4080000)
 ParOldGen       total 174592K, used 24K [0x0000000700000000, 0x000000070aa80000, 0x00000007aaa80000)
  object space 174592K, 0% used [0x0000000700000000,0x0000000700006000,0x000000070aa80000)
 PSPermGen       total 21504K, used 12719K [0x00000006fae00000, 0x00000006fc300000, 0x0000000700000000)
  object space 21504K, 59% used [0x00000006fae00000,0x00000006fba6be40,0x00000006fc300000)
}
Event: 3.662 GC heap before
{Heap before GC invocations=4 (full 0):
 PSYoungGen      total 139776K, used 138448K [0x00000007aaa80000, 0x00000007b4080000, 0x0000000800000000)
  eden space 129024K, 100% used [0x00000007aaa80000,0x00000007b2880000,0x00000007b2880000)
  from space 10752K, 87% used [0x00000007b2880000,0x00000007b31b4010,0x00000007b3300000)
  to   space 10752K, 0% used [0x00000007b3600000,0x00000007b3600000,0x00000007b4080000)
 ParOldGen       total 174592K, used 24K [0x0000000700000000, 0x000000070aa80000, 0x00000007aaa80000)
  object space 174592K, 0% used [0x0000000700000000,0x0000000700006000,0x000000070aa80000)
 PSPermGen       total 21504K, used 16541K [0x00000006fae00000, 0x00000006fc300000, 0x0000000700000000)
  object space 21504K, 76% used [0x00000006fae00000,0x00000006fbe27638,0x00000006fc300000)
Event: 3.678 GC heap after
Heap after GC invocations=4 (full 0):
 PSYoungGen      total 142848K, used 10732K [0x00000007aaa80000, 0x00000007bbb80000, 0x0000000800000000)
  eden space 132096K, 0% used [0x00000007aaa80000,0x00000007aaa80000,0x00000007b2b80000)
  from space 10752K, 99% used [0x00000007b3600000,0x00000007b407b0e0,0x00000007b4080000)
  to   space 10752K, 0% used [0x00000007b2b80000,0x00000007b2b80000,0x00000007b3600000)
 ParOldGen       total 174592K, used 5490K [0x0000000700000000, 0x000000070aa80000, 0x00000007aaa80000)
  object space 174592K, 3% used [0x0000000700000000,0x000000070055cbd0,0x000000070aa80000)
 PSPermGen       total 21504K, used 16541K [0x00000006fae00000, 0x00000006fc300000, 0x0000000700000000)
  object space 21504K, 76% used [0x00000006fae00000,0x00000006fbe27638,0x00000006fc300000)
}
Event: 4.380 GC heap before
{Heap before GC invocations=5 (full 0):
 PSYoungGen      total 142848K, used 142828K [0x00000007aaa80000, 0x00000007bbb80000, 0x0000000800000000)
  eden space 132096K, 100% used [0x00000007aaa80000,0x00000007b2b80000,0x00000007b2b80000)
  from space 10752K, 99% used [0x00000007b3600000,0x00000007b407b0e0,0x00000007b4080000)
  to   space 10752K, 0% used [0x00000007b2b80000,0x00000007b2b80000,0x00000007b3600000)
 ParOldGen       total 174592K, used 5490K [0x0000000700000000, 0x000000070aa80000, 0x00000007aaa80000)
  object space 174592K, 3% used [0x0000000700000000,0x000000070055cbd0,0x000000070aa80000)
 PSPermGen       total 21504K, used 16888K [0x00000006fae00000, 0x00000006fc300000, 0x0000000700000000)
  object space 21504K, 78% used [0x00000006fae00000,0x00000006fbe7e3a0,0x00000006fc300000)
Event: 4.407 GC heap after
Heap after GC invocations=5 (full 0):
 PSYoungGen      total 142848K, used 10728K [0x00000007aaa80000, 0x00000007bea80000, 0x0000000800000000)
  eden space 132096K, 0% used [0x00000007aaa80000,0x00000007aaa80000,0x00000007b2b80000)
  from space 10752K, 99% used [0x00000007b2b80000,0x00000007b35fa168,0x00000007b3600000)
  to   space 31744K, 0% used [0x00000007bcb80000,0x00000007bcb80000,0x00000007bea80000)
 ParOldGen       total 174592K, used 29772K [0x0000000700000000, 0x000000070aa80000, 0x00000007aaa80000)
  object space 174592K, 17% used [0x0000000700000000,0x0000000701d131c8,0x000000070aa80000)
 PSPermGen       total 21504K, used 16888K [0x00000006fae00000, 0x00000006fc300000, 0x0000000700000000)
  object space 21504K, 78% used [0x00000006fae00000,0x00000006fbe7e3a0,0x00000006fc300000)
}
Event: 5.577 GC heap before
{Heap before GC invocations=6 (full 0):
 PSYoungGen      total 142848K, used 142824K [0x00000007aaa80000, 0x00000007bea80000, 0x0000000800000000)
  eden space 132096K, 100% used [0x00000007aaa80000,0x00000007b2b80000,0x00000007b2b80000)
  from space 10752K, 99% used [0x00000007b2b80000,0x00000007b35fa168,0x00000007b3600000)
  to   space 31744K, 0% used [0x00000007bcb80000,0x00000007bcb80000,0x00000007bea80000)
 ParOldGen       total 174592K, used 29772K [0x0000000700000000, 0x000000070aa80000, 0x00000007aaa80000)
  object space 174592K, 17% used [0x0000000700000000,0x0000000701d131c8,0x000000070aa80000)
 PSPermGen       total 21504K, used 17473K [0x00000006fae00000, 0x00000006fc300000, 0x0000000700000000)
  object space 21504K, 81% used [0x00000006fae00000,0x00000006fbf105c0,0x00000006fc300000)
Event: 5.607 GC heap after
Heap after GC invocations=6 (full 0):
 PSYoungGen      total 285184K, used 31723K [0x00000007aaa80000, 0x00000007bff80000, 0x0000000800000000)
  eden space 253440K, 0% used [0x00000007aaa80000,0x00000007aaa80000,0x00000007ba200000)
  from space 31744K, 99% used [0x00000007bcb80000,0x00000007bea7ac28,0x00000007bea80000)
  to   space 42496K, 0% used [0x00000007ba200000,0x00000007ba200000,0x00000007bcb80000)
 ParOldGen       total 174592K, used 36809K [0x0000000700000000, 0x000000070aa80000, 0x00000007aaa80000)
  object space 174592K, 21% used [0x0000000700000000,0x00000007023f2540,0x000000070aa80000)
 PSPermGen       total 21504K, used 17473K [0x00000006fae00000, 0x00000006fc300000, 0x0000000700000000)
  object space 21504K, 81% used [0x00000006fae00000,0x00000006fbf105c0,0x00000006fc300000)
}
Event: 8.801 GC heap before
{Heap before GC invocations=7 (full 0):
 PSYoungGen      total 285184K, used 285163K [0x00000007aaa80000, 0x00000007bff80000, 0x0000000800000000)
  eden space 253440K, 100% used [0x00000007aaa80000,0x00000007ba200000,0x00000007ba200000)
  from space 31744K, 99% used [0x00000007bcb80000,0x00000007bea7ac28,0x00000007bea80000)
  to   space 42496K, 0% used [0x00000007ba200000,0x00000007ba200000,0x00000007bcb80000)
 ParOldGen       total 174592K, used 36809K [0x0000000700000000, 0x000000070aa80000, 0x00000007aaa80000)
  object space 174592K, 21% used [0x0000000700000000,0x00000007023f2540,0x000000070aa80000)
 PSPermGen       total 21504K, used 20356K [0x00000006fae00000, 0x00000006fc300000, 0x0000000700000000)
  object space 21504K, 94% used [0x00000006fae00000,0x00000006fc1e1060,0x00000006fc300000)
Event: 8.845 GC heap after
Heap after GC invocations=7 (full 0):
 PSYoungGen      total 295936K, used 42472K [0x00000007aaa80000, 0x00000007d0b80000, 0x0000000800000000)
  eden space 253440K, 0% used [0x00000007aaa80000,0x00000007aaa80000,0x00000007ba200000)
  from space 42496K, 99% used [0x00000007ba200000,0x00000007bcb7a340,0x00000007bcb80000)
  to   space 58368K, 0% used [0x00000007cd280000,0x00000007cd280000,0x00000007d0b80000)
 ParOldGen       total 174592K, used 51497K [0x0000000700000000, 0x000000070aa80000, 0x00000007aaa80000)
  object space 174592K, 29% used [0x0000000700000000,0x000000070324a6c0,0x000000070aa80000)
 PSPermGen       total 21504K, used 20356K [0x00000006fae00000, 0x00000006fc300000, 0x0000000700000000)
  object space 21504K, 94% used [0x00000006fae00000,0x00000006fc1e1060,0x00000006fc300000)
}

